{"message":"unused import: `Responder`","code":{"code":"unused_imports","explanation":null},"level":"warning","spans":[{"file_name":"src/executor/execute.rs","byte_start":38,"byte_end":47,"line_start":1,"line_end":1,"column_start":39,"column_end":48,"is_primary":true,"text":[{"text":"use actix_web::{post,web,HttpResponse,Responder};","highlight_start":39,"highlight_end":48}],"label":null,"suggested_replacement":null,"suggestion_applicability":null,"expansion":null}],"children":[{"message":"`#[warn(unused_imports)]` on by default","code":null,"level":"note","spans":[],"children":[],"rendered":null},{"message":"remove the unused import","code":null,"level":"help","spans":[{"file_name":"src/executor/execute.rs","byte_start":37,"byte_end":47,"line_start":1,"line_end":1,"column_start":38,"column_end":48,"is_primary":true,"text":[{"text":"use actix_web::{post,web,HttpResponse,Responder};","highlight_start":38,"highlight_end":48}],"label":null,"suggested_replacement":"","suggestion_applicability":"MachineApplicable","expansion":null}],"children":[],"rendered":null}],"rendered":"\u001b[0m\u001b[1m\u001b[33mwarning\u001b[0m\u001b[0m\u001b[1m: unused import: `Responder`\u001b[0m\n\u001b[0m \u001b[0m\u001b[0m\u001b[1m\u001b[38;5;12m--> \u001b[0m\u001b[0msrc/executor/execute.rs:1:39\u001b[0m\n\u001b[0m  \u001b[0m\u001b[0m\u001b[1m\u001b[38;5;12m|\u001b[0m\n\u001b[0m\u001b[1m\u001b[38;5;12m1\u001b[0m\u001b[0m \u001b[0m\u001b[0m\u001b[1m\u001b[38;5;12m| \u001b[0m\u001b[0muse actix_web::{post,web,HttpResponse,Responder};\u001b[0m\n\u001b[0m  \u001b[0m\u001b[0m\u001b[1m\u001b[38;5;12m| \u001b[0m\u001b[0m                                      \u001b[0m\u001b[0m\u001b[1m\u001b[33m^^^^^^^^^\u001b[0m\n\u001b[0m  \u001b[0m\u001b[0m\u001b[1m\u001b[38;5;12m|\u001b[0m\n\u001b[0m  \u001b[0m\u001b[0m\u001b[1m\u001b[38;5;12m= \u001b[0m\u001b[0m\u001b[1mnote\u001b[0m\u001b[0m: `#[warn(unused_imports)]` on by default\u001b[0m\n\n"}
{"message":"the trait bound `(): Responder` is not satisfied","code":{"code":"E0277","explanation":"You tried to use a type which doesn't implement some trait in a place which\nexpected that trait.\n\nErroneous code example:\n\n```compile_fail,E0277\n// here we declare the Foo trait with a bar method\ntrait Foo {\n    fn bar(&self);\n}\n\n// we now declare a function which takes an object implementing the Foo trait\nfn some_func<T: Foo>(foo: T) {\n    foo.bar();\n}\n\nfn main() {\n    // we now call the method with the i32 type, which doesn't implement\n    // the Foo trait\n    some_func(5i32); // error: the trait bound `i32 : Foo` is not satisfied\n}\n```\n\nIn order to fix this error, verify that the type you're using does implement\nthe trait. Example:\n\n```\ntrait Foo {\n    fn bar(&self);\n}\n\nfn some_func<T: Foo>(foo: T) {\n    foo.bar(); // we can now use this method since i32 implements the\n               // Foo trait\n}\n\n// we implement the trait on the i32 type\nimpl Foo for i32 {\n    fn bar(&self) {}\n}\n\nfn main() {\n    some_func(5i32); // ok!\n}\n```\n\nOr in a generic context, an erroneous code example would look like:\n\n```compile_fail,E0277\nfn some_func<T>(foo: T) {\n    println!(\"{:?}\", foo); // error: the trait `core::fmt::Debug` is not\n                           //        implemented for the type `T`\n}\n\nfn main() {\n    // We now call the method with the i32 type,\n    // which *does* implement the Debug trait.\n    some_func(5i32);\n}\n```\n\nNote that the error here is in the definition of the generic function. Although\nwe only call it with a parameter that does implement `Debug`, the compiler\nstill rejects the function. It must work with all possible input types. In\norder to make this example compile, we need to restrict the generic type we're\naccepting:\n\n```\nuse std::fmt;\n\n// Restrict the input type to types that implement Debug.\nfn some_func<T: fmt::Debug>(foo: T) {\n    println!(\"{:?}\", foo);\n}\n\nfn main() {\n    // Calling the method is still fine, as i32 implements Debug.\n    some_func(5i32);\n\n    // This would fail to compile now:\n    // struct WithoutDebug;\n    // some_func(WithoutDebug);\n}\n```\n\nRust only looks at the signature of the called function, as such it must\nalready specify all requirements that will be used for every type parameter.\n"},"level":"error","spans":[{"file_name":"src/executor/validate_password.rs","byte_start":386,"byte_end":400,"line_start":20,"line_end":20,"column_start":63,"column_end":77,"is_primary":true,"text":[{"text":"pub async fn validate_password(request:web::Json<Request>) -> impl Responder{","highlight_start":63,"highlight_end":77}],"label":"the trait `Responder` is not implemented for `()`","suggested_replacement":null,"suggestion_applicability":null,"expansion":{"span":{"file_name":"src/executor/validate_password.rs","byte_start":386,"byte_end":400,"line_start":20,"line_end":20,"column_start":63,"column_end":77,"is_primary":false,"text":[{"text":"pub async fn validate_password(request:web::Json<Request>) -> impl Responder{","highlight_start":63,"highlight_end":77}],"label":null,"suggested_replacement":null,"suggestion_applicability":null,"expansion":null},"macro_decl_name":"desugaring of `impl Trait`","def_site_span":{"file_name":"src/main.rs","byte_start":0,"byte_end":0,"line_start":1,"line_end":1,"column_start":1,"column_end":1,"is_primary":false,"text":[],"label":null,"suggested_replacement":null,"suggestion_applicability":null,"expansion":null}}}],"children":[],"rendered":"\u001b[0m\u001b[1m\u001b[38;5;9merror[E0277]\u001b[0m\u001b[0m\u001b[1m: the trait bound `(): Responder` is not satisfied\u001b[0m\n\u001b[0m  \u001b[0m\u001b[0m\u001b[1m\u001b[38;5;12m--> \u001b[0m\u001b[0msrc/executor/validate_password.rs:20:63\u001b[0m\n\u001b[0m   \u001b[0m\u001b[0m\u001b[1m\u001b[38;5;12m|\u001b[0m\n\u001b[0m\u001b[1m\u001b[38;5;12m20\u001b[0m\u001b[0m \u001b[0m\u001b[0m\u001b[1m\u001b[38;5;12m| \u001b[0m\u001b[0mpub async fn validate_password(request:web::Json<Request>) -> impl Responder{\u001b[0m\n\u001b[0m   \u001b[0m\u001b[0m\u001b[1m\u001b[38;5;12m| \u001b[0m\u001b[0m                                                              \u001b[0m\u001b[0m\u001b[1m\u001b[38;5;9m^^^^^^^^^^^^^^\u001b[0m\u001b[0m \u001b[0m\u001b[0m\u001b[1m\u001b[38;5;9mthe trait `Responder` is not implemented for `()`\u001b[0m\n\n"}
{"message":"mismatched types","code":{"code":"E0308","explanation":"Expected type did not match the received type.\n\nErroneous code examples:\n\n```compile_fail,E0308\nfn plus_one(x: i32) -> i32 {\n    x + 1\n}\n\nplus_one(\"Not a number\");\n//       ^^^^^^^^^^^^^^ expected `i32`, found `&str`\n\nif \"Not a bool\" {\n// ^^^^^^^^^^^^ expected `bool`, found `&str`\n}\n\nlet x: f32 = \"Not a float\";\n//     ---   ^^^^^^^^^^^^^ expected `f32`, found `&str`\n//     |\n//     expected due to this\n```\n\nThis error occurs when an expression was used in a place where the compiler\nexpected an expression of a different type. It can occur in several cases, the\nmost common being when calling a function and passing an argument which has a\ndifferent type than the matching type in the function declaration.\n"},"level":"error","spans":[{"file_name":"src/executor/execute.rs","byte_start":654,"byte_end":718,"line_start":28,"line_end":30,"column_start":25,"column_end":6,"is_primary":true,"text":[{"text":"    if process.success(){","highlight_start":25,"highlight_end":26},{"text":"        HttpResponse::Ok().json(Response{result: true});","highlight_start":1,"highlight_end":57},{"text":"    }else {","highlight_start":1,"highlight_end":6}],"label":"expected struct `execute::Response`, found `()`","suggested_replacement":null,"suggestion_applicability":null,"expansion":null}],"children":[],"rendered":"\u001b[0m\u001b[1m\u001b[38;5;9merror[E0308]\u001b[0m\u001b[0m\u001b[1m: mismatched types\u001b[0m\n\u001b[0m  \u001b[0m\u001b[0m\u001b[1m\u001b[38;5;12m--> \u001b[0m\u001b[0msrc/executor/execute.rs:28:25\u001b[0m\n\u001b[0m   \u001b[0m\u001b[0m\u001b[1m\u001b[38;5;12m|\u001b[0m\n\u001b[0m\u001b[1m\u001b[38;5;12m28\u001b[0m\u001b[0m \u001b[0m\u001b[0m\u001b[1m\u001b[38;5;12m| \u001b[0m\u001b[0m  \u001b[0m\u001b[0m    if process.success(){\u001b[0m\n\u001b[0m   \u001b[0m\u001b[0m\u001b[1m\u001b[38;5;12m| \u001b[0m\u001b[0m \u001b[0m\u001b[0m\u001b[1m\u001b[38;5;9m_________________________^\u001b[0m\n\u001b[0m\u001b[1m\u001b[38;5;12m29\u001b[0m\u001b[0m \u001b[0m\u001b[0m\u001b[1m\u001b[38;5;12m| \u001b[0m\u001b[0m\u001b[1m\u001b[38;5;9m|\u001b[0m\u001b[0m \u001b[0m\u001b[0m        HttpResponse::Ok().json(Response{result: true});\u001b[0m\n\u001b[0m\u001b[1m\u001b[38;5;12m30\u001b[0m\u001b[0m \u001b[0m\u001b[0m\u001b[1m\u001b[38;5;12m| \u001b[0m\u001b[0m\u001b[1m\u001b[38;5;9m|\u001b[0m\u001b[0m \u001b[0m\u001b[0m    }else {\u001b[0m\n\u001b[0m   \u001b[0m\u001b[0m\u001b[1m\u001b[38;5;12m| \u001b[0m\u001b[0m\u001b[1m\u001b[38;5;9m|_____^\u001b[0m\u001b[0m \u001b[0m\u001b[0m\u001b[1m\u001b[38;5;9mexpected struct `execute::Response`, found `()`\u001b[0m\n\n"}
{"message":"mismatched types","code":{"code":"E0308","explanation":"Expected type did not match the received type.\n\nErroneous code examples:\n\n```compile_fail,E0308\nfn plus_one(x: i32) -> i32 {\n    x + 1\n}\n\nplus_one(\"Not a number\");\n//       ^^^^^^^^^^^^^^ expected `i32`, found `&str`\n\nif \"Not a bool\" {\n// ^^^^^^^^^^^^ expected `bool`, found `&str`\n}\n\nlet x: f32 = \"Not a float\";\n//     ---   ^^^^^^^^^^^^^ expected `f32`, found `&str`\n//     |\n//     expected due to this\n```\n\nThis error occurs when an expression was used in a place where the compiler\nexpected an expression of a different type. It can occur in several cases, the\nmost common being when calling a function and passing an argument which has a\ndifferent type than the matching type in the function declaration.\n"},"level":"error","spans":[{"file_name":"src/executor/execute.rs","byte_start":723,"byte_end":788,"line_start":30,"line_end":32,"column_start":11,"column_end":6,"is_primary":true,"text":[{"text":"    }else {","highlight_start":11,"highlight_end":12},{"text":"        HttpResponse::Ok().json(Response{result: false});","highlight_start":1,"highlight_end":58},{"text":"    }","highlight_start":1,"highlight_end":6}],"label":"expected struct `execute::Response`, found `()`","suggested_replacement":null,"suggestion_applicability":null,"expansion":null}],"children":[],"rendered":"\u001b[0m\u001b[1m\u001b[38;5;9merror[E0308]\u001b[0m\u001b[0m\u001b[1m: mismatched types\u001b[0m\n\u001b[0m  \u001b[0m\u001b[0m\u001b[1m\u001b[38;5;12m--> \u001b[0m\u001b[0msrc/executor/execute.rs:30:11\u001b[0m\n\u001b[0m   \u001b[0m\u001b[0m\u001b[1m\u001b[38;5;12m|\u001b[0m\n\u001b[0m\u001b[1m\u001b[38;5;12m30\u001b[0m\u001b[0m \u001b[0m\u001b[0m\u001b[1m\u001b[38;5;12m| \u001b[0m\u001b[0m  \u001b[0m\u001b[0m    }else {\u001b[0m\n\u001b[0m   \u001b[0m\u001b[0m\u001b[1m\u001b[38;5;12m| \u001b[0m\u001b[0m \u001b[0m\u001b[0m\u001b[1m\u001b[38;5;9m___________^\u001b[0m\n\u001b[0m\u001b[1m\u001b[38;5;12m31\u001b[0m\u001b[0m \u001b[0m\u001b[0m\u001b[1m\u001b[38;5;12m| \u001b[0m\u001b[0m\u001b[1m\u001b[38;5;9m|\u001b[0m\u001b[0m \u001b[0m\u001b[0m        HttpResponse::Ok().json(Response{result: false});\u001b[0m\n\u001b[0m\u001b[1m\u001b[38;5;12m32\u001b[0m\u001b[0m \u001b[0m\u001b[0m\u001b[1m\u001b[38;5;12m| \u001b[0m\u001b[0m\u001b[1m\u001b[38;5;9m|\u001b[0m\u001b[0m \u001b[0m\u001b[0m    }\u001b[0m\n\u001b[0m   \u001b[0m\u001b[0m\u001b[1m\u001b[38;5;12m| \u001b[0m\u001b[0m\u001b[1m\u001b[38;5;9m|_____^\u001b[0m\u001b[0m \u001b[0m\u001b[0m\u001b[1m\u001b[38;5;9mexpected struct `execute::Response`, found `()`\u001b[0m\n\n"}
{"message":"the trait bound `fn(Json<execute::Request>) -> impl std::future::Future {execute_command}: Factory<_, _, _>` is not satisfied","code":{"code":"E0277","explanation":"You tried to use a type which doesn't implement some trait in a place which\nexpected that trait.\n\nErroneous code example:\n\n```compile_fail,E0277\n// here we declare the Foo trait with a bar method\ntrait Foo {\n    fn bar(&self);\n}\n\n// we now declare a function which takes an object implementing the Foo trait\nfn some_func<T: Foo>(foo: T) {\n    foo.bar();\n}\n\nfn main() {\n    // we now call the method with the i32 type, which doesn't implement\n    // the Foo trait\n    some_func(5i32); // error: the trait bound `i32 : Foo` is not satisfied\n}\n```\n\nIn order to fix this error, verify that the type you're using does implement\nthe trait. Example:\n\n```\ntrait Foo {\n    fn bar(&self);\n}\n\nfn some_func<T: Foo>(foo: T) {\n    foo.bar(); // we can now use this method since i32 implements the\n               // Foo trait\n}\n\n// we implement the trait on the i32 type\nimpl Foo for i32 {\n    fn bar(&self) {}\n}\n\nfn main() {\n    some_func(5i32); // ok!\n}\n```\n\nOr in a generic context, an erroneous code example would look like:\n\n```compile_fail,E0277\nfn some_func<T>(foo: T) {\n    println!(\"{:?}\", foo); // error: the trait `core::fmt::Debug` is not\n                           //        implemented for the type `T`\n}\n\nfn main() {\n    // We now call the method with the i32 type,\n    // which *does* implement the Debug trait.\n    some_func(5i32);\n}\n```\n\nNote that the error here is in the definition of the generic function. Although\nwe only call it with a parameter that does implement `Debug`, the compiler\nstill rejects the function. It must work with all possible input types. In\norder to make this example compile, we need to restrict the generic type we're\naccepting:\n\n```\nuse std::fmt;\n\n// Restrict the input type to types that implement Debug.\nfn some_func<T: fmt::Debug>(foo: T) {\n    println!(\"{:?}\", foo);\n}\n\nfn main() {\n    // Calling the method is still fine, as i32 implements Debug.\n    some_func(5i32);\n\n    // This would fail to compile now:\n    // struct WithoutDebug;\n    // some_func(WithoutDebug);\n}\n```\n\nRust only looks at the signature of the called function, as such it must\nalready specify all requirements that will be used for every type parameter.\n"},"level":"error","spans":[{"file_name":"src/executor/execute.rs","byte_start":330,"byte_end":345,"line_start":18,"line_end":18,"column_start":14,"column_end":29,"is_primary":true,"text":[{"text":"pub async fn execute_command(request:web::Json<Request>) -> Response{","highlight_start":14,"highlight_end":29}],"label":"the trait `Factory<_, _, _>` is not implemented for `fn(Json<execute::Request>) -> impl std::future::Future {execute_command}`","suggested_replacement":null,"suggestion_applicability":null,"expansion":null}],"children":[],"rendered":"\u001b[0m\u001b[1m\u001b[38;5;9merror[E0277]\u001b[0m\u001b[0m\u001b[1m: the trait bound `fn(Json<execute::Request>) -> impl std::future::Future {execute_command}: Factory<_, _, _>` is not satisfied\u001b[0m\n\u001b[0m  \u001b[0m\u001b[0m\u001b[1m\u001b[38;5;12m--> \u001b[0m\u001b[0msrc/executor/execute.rs:18:14\u001b[0m\n\u001b[0m   \u001b[0m\u001b[0m\u001b[1m\u001b[38;5;12m|\u001b[0m\n\u001b[0m\u001b[1m\u001b[38;5;12m18\u001b[0m\u001b[0m \u001b[0m\u001b[0m\u001b[1m\u001b[38;5;12m| \u001b[0m\u001b[0mpub async fn execute_command(request:web::Json<Request>) -> Response{\u001b[0m\n\u001b[0m   \u001b[0m\u001b[0m\u001b[1m\u001b[38;5;12m| \u001b[0m\u001b[0m             \u001b[0m\u001b[0m\u001b[1m\u001b[38;5;9m^^^^^^^^^^^^^^^\u001b[0m\u001b[0m \u001b[0m\u001b[0m\u001b[1m\u001b[38;5;9mthe trait `Factory<_, _, _>` is not implemented for `fn(Json<execute::Request>) -> impl std::future::Future {execute_command}`\u001b[0m\n\n"}
{"message":"aborting due to 4 previous errors; 1 warning emitted","code":null,"level":"error","spans":[],"children":[],"rendered":"\u001b[0m\u001b[1m\u001b[38;5;9merror\u001b[0m\u001b[0m\u001b[1m: aborting due to 4 previous errors; 1 warning emitted\u001b[0m\n\n"}
{"message":"Some errors have detailed explanations: E0277, E0308.","code":null,"level":"failure-note","spans":[],"children":[],"rendered":"\u001b[0m\u001b[1mSome errors have detailed explanations: E0277, E0308.\u001b[0m\n"}
{"message":"For more information about an error, try `rustc --explain E0277`.","code":null,"level":"failure-note","spans":[],"children":[],"rendered":"\u001b[0m\u001b[1mFor more information about an error, try `rustc --explain E0277`.\u001b[0m\n"}
